<?xml version="1.0" encoding="UTF-8"?>
<testng-results ignored="0" total="1" passed="1" failed="0" skipped="0">
  <reporter-output>
  </reporter-output>
  <suite started-at="2024-11-26T11:57:22 IST" name="Default suite" finished-at="2024-11-26T11:57:30 IST" duration-ms="8882">
    <groups>
    </groups>
    <test started-at="2024-11-26T11:57:22 IST" name="Default test" finished-at="2024-11-26T11:57:30 IST" duration-ms="8882">
      <class name="Maven_p3.DemoTest">
        <test-method is-config="true" signature="begin()[pri:0, instance:Maven_p3.DemoTest@5e600dd5]" started-at="2024-11-26T11:57:22 IST" name="begin" finished-at="2024-11-26T11:57:24 IST" duration-ms="2417" status="PASS">
          <reporter-output>
          </reporter-output>
        </test-method> <!-- begin -->
        <test-method signature="mid_1()[pri:0, instance:Maven_p3.DemoTest@5e600dd5]" started-at="2024-11-26T11:57:24 IST" name="mid_1" finished-at="2024-11-26T11:57:30 IST" duration-ms="6160" status="PASS">
          <reporter-output>
          </reporter-output>
        </test-method> <!-- mid_1 -->
        <test-method is-config="true" signature="end()[pri:0, instance:Maven_p3.DemoTest@5e600dd5]" started-at="2024-11-26T11:57:30 IST" name="end" finished-at="2024-11-26T11:57:30 IST" duration-ms="259" status="PASS">
          <reporter-output>
          </reporter-output>
        </test-method> <!-- end -->
      </class> <!-- Maven_p3.DemoTest -->
    </test> <!-- Default test -->
  </suite> <!-- Default suite -->
</testng-results>
